# JRE version: OpenJDK Runtime Environment (11.0.5+10) (build 11.0.5+10-post-Ubuntu-0ubuntu1.118.04)
# Java VM: OpenJDK 64-Bit Server VM (11.0.5+10-post-Ubuntu-0ubuntu1.118.04, mixed mode, sharing, tiered, compressed oops, serial gc, linux-amd64)
Heap:
 def new generation   total 304384K, used 16941K [0x0000000080000000, 0x0000000094a40000, 0x00000000aaaa0000)
  eden space 270592K,   6% used [0x0000000080000000, 0x000000008108b450, 0x0000000090840000)
  from space 33792K,   0% used [0x0000000092940000, 0x0000000092940000, 0x0000000094a40000)
  to   space 33792K,   0% used [0x0000000090840000, 0x0000000090840000, 0x0000000092940000)
 tenured generation   total 682276K, used 682209K [0x00000000aaaa0000, 0x00000000d44e9000, 0x0000000100000000)
   the space 682276K,  99% used [0x00000000aaaa0000, 0x00000000d44d8510, 0x00000000d44d8600, 0x00000000d44e9000)
 Metaspace       used 33937K, capacity 34522K, committed 34688K, reserved 1081344K
  class space    used 3500K, capacity 3708K, committed 3712K, reserved 1048576K
GC Heap History (20 events):
Event: 406.325 GC heap after
{Heap after GC invocations=339 (full 24):
 def new generation   total 304384K, used 21414K [0x0000000080000000, 0x0000000094a40000, 0x00000000aaaa0000)
  eden space 270592K,   0% used [0x0000000080000000, 0x0000000080000000, 0x0000000090840000)
  from space 33792K,  63% used [0x0000000092940000, 0x0000000093e29bc0, 0x0000000094a40000)
  to   space 33792K,   0% used [0x0000000090840000, 0x0000000090840000, 0x0000000092940000)
 tenured generation   total 676228K, used 639031K [0x00000000aaaa0000, 0x00000000d3f01000, 0x0000000100000000)
   the space 676228K,  94% used [0x00000000aaaa0000, 0x00000000d1aadd60, 0x00000000d1aade00, 0x00000000d3f01000)
 Metaspace       used 33871K, capacity 34457K, committed 34688K, reserved 1081344K
  class space    used 3500K, capacity 3708K, committed 3712K, reserved 1048576K
}
Event: 408.149 GC heap before
{Heap before GC invocations=339 (full 24):
 def new generation   total 304384K, used 292006K [0x0000000080000000, 0x0000000094a40000, 0x00000000aaaa0000)
  eden space 270592K, 100% used [0x0000000080000000, 0x0000000090840000, 0x0000000090840000)
  from space 33792K,  63% used [0x0000000092940000, 0x0000000093e29bc0, 0x0000000094a40000)
  to   space 33792K,   0% used [0x0000000090840000, 0x0000000090840000, 0x0000000092940000)
 tenured generation   total 676228K, used 639031K [0x00000000aaaa0000, 0x00000000d3f01000, 0x0000000100000000)
   the space 676228K,  94% used [0x00000000aaaa0000, 0x00000000d1aadd60, 0x00000000d1aade00, 0x00000000d3f01000)
 Metaspace       used 33871K, capacity 34457K, committed 34688K, reserved 1081344K
  class space    used 3500K, capacity 3708K, committed 3712K, reserved 1048576K
}
Event: 408.189 GC heap after
{Heap after GC invocations=340 (full 24):
 def new generation   total 304384K, used 16212K [0x0000000080000000, 0x0000000094a40000, 0x00000000aaaa0000)
  eden space 270592K,   0% used [0x0000000080000000, 0x0000000080000000, 0x0000000090840000)
  from space 33792K,  47% used [0x0000000090840000, 0x00000000918152b0, 0x0000000092940000)
  to   space 33792K,   0% used [0x0000000092940000, 0x0000000092940000, 0x0000000094a40000)
 tenured generation   total 676228K, used 644928K [0x00000000aaaa0000, 0x00000000d3f01000, 0x0000000100000000)
   the space 676228K,  95% used [0x00000000aaaa0000, 0x00000000d20700d0, 0x00000000d2070200, 0x00000000d3f01000)
 Metaspace       used 33871K, capacity 34457K, committed 34688K, reserved 1081344K
  class space    used 3500K, capacity 3708K, committed 3712K, reserved 1048576K
}
Event: 410.291 GC heap before
{Heap before GC invocations=340 (full 24):
 def new generation   total 304384K, used 286804K [0x0000000080000000, 0x0000000094a40000, 0x00000000aaaa0000)
  eden space 270592K, 100% used [0x0000000080000000, 0x0000000090840000, 0x0000000090840000)
  from space 33792K,  47% used [0x0000000090840000, 0x00000000918152b0, 0x0000000092940000)
  to   space 33792K,   0% used [0x0000000092940000, 0x0000000092940000, 0x0000000094a40000)
 tenured generation   total 676228K, used 644928K [0x00000000aaaa0000, 0x00000000d3f01000, 0x0000000100000000)
   the space 676228K,  95% used [0x00000000aaaa0000, 0x00000000d20700d0, 0x00000000d2070200, 0x00000000d3f01000)
 Metaspace       used 33872K, capacity 34457K, committed 34688K, reserved 1081344K
  class space    used 3500K, capacity 3708K, committed 3712K, reserved 1048576K
}
Event: 410.303 GC heap after
{Heap after GC invocations=341 (full 24):
 def new generation   total 304384K, used 21300K [0x0000000080000000, 0x0000000094a40000, 0x00000000aaaa0000)
  eden space 270592K,   0% used [0x0000000080000000, 0x0000000080000000, 0x0000000090840000)
  from space 33792K,  63% used [0x0000000092940000, 0x0000000093e0d1e0, 0x0000000094a40000)
  to   space 33792K,   0% used [0x0000000090840000, 0x0000000090840000, 0x0000000092940000)
 tenured generation   total 676228K, used 644928K [0x00000000aaaa0000, 0x00000000d3f01000, 0x0000000100000000)
   the space 676228K,  95% used [0x00000000aaaa0000, 0x00000000d20700d0, 0x00000000d2070200, 0x00000000d3f01000)
 Metaspace       used 33872K, capacity 34457K, committed 34688K, reserved 1081344K
  class space    used 3500K, capacity 3708K, committed 3712K, reserved 1048576K
}
Event: 412.536 GC heap before
{Heap before GC invocations=341 (full 24):
 def new generation   total 304384K, used 291892K [0x0000000080000000, 0x0000000094a40000, 0x00000000aaaa0000)
  eden space 270592K, 100% used [0x0000000080000000, 0x0000000090840000, 0x0000000090840000)
  from space 33792K,  63% used [0x0000000092940000, 0x0000000093e0d1e0, 0x0000000094a40000)
  to   space 33792K,   0% used [0x0000000090840000, 0x0000000090840000, 0x0000000092940000)
 tenured generation   total 676228K, used 644928K [0x00000000aaaa0000, 0x00000000d3f01000, 0x0000000100000000)
   the space 676228K,  95% used [0x00000000aaaa0000, 0x00000000d20700d0, 0x00000000d2070200, 0x00000000d3f01000)
 Metaspace       used 33877K, capacity 34457K, committed 34688K, reserved 1081344K
  class space    used 3500K, capacity 3708K, committed 3712K, reserved 1048576K
}
Event: 412.557 GC heap after
{Heap after GC invocations=342 (full 24):
 def new generation   total 304384K, used 19116K [0x0000000080000000, 0x0000000094a40000, 0x00000000aaaa0000)
  eden space 270592K,   0% used [0x0000000080000000, 0x0000000080000000, 0x0000000090840000)
  from space 33792K,  56% used [0x0000000090840000, 0x0000000091aeb278, 0x0000000092940000)
  to   space 33792K,   0% used [0x0000000092940000, 0x0000000092940000, 0x0000000094a40000)
 tenured generation   total 676228K, used 652431K [0x00000000aaaa0000, 0x00000000d3f01000, 0x0000000100000000)
   the space 676228K,  96% used [0x00000000aaaa0000, 0x00000000d27c3cf0, 0x00000000d27c3e00, 0x00000000d3f01000)
 Metaspace       used 33877K, capacity 34457K, committed 34688K, reserved 1081344K
  class space    used 3500K, capacity 3708K, committed 3712K, reserved 1048576K
}
Event: 415.977 GC heap before
{Heap before GC invocations=342 (full 24):
 def new generation   total 304384K, used 288861K [0x0000000080000000, 0x0000000094a40000, 0x00000000aaaa0000)
  eden space 270592K,  99% used [0x0000000080000000, 0x000000009076c328, 0x0000000090840000)
  from space 33792K,  56% used [0x0000000090840000, 0x0000000091aeb278, 0x0000000092940000)
  to   space 33792K,   0% used [0x0000000092940000, 0x0000000092940000, 0x0000000094a40000)
 tenured generation   total 676228K, used 652431K [0x00000000aaaa0000, 0x00000000d3f01000, 0x0000000100000000)
   the space 676228K,  96% used [0x00000000aaaa0000, 0x00000000d27c3cf0, 0x00000000d27c3e00, 0x00000000d3f01000)
 Metaspace       used 33879K, capacity 34458K, committed 34688K, reserved 1081344K
  class space    used 3500K, capacity 3708K, committed 3712K, reserved 1048576K
}
Event: 416.020 GC heap after
{Heap after GC invocations=343 (full 24):
 def new generation   total 304384K, used 26303K [0x0000000080000000, 0x0000000094a40000, 0x00000000aaaa0000)
  eden space 270592K,   0% used [0x0000000080000000, 0x0000000080000000, 0x0000000090840000)
  from space 33792K,  77% used [0x0000000092940000, 0x00000000942efc68, 0x0000000094a40000)
  to   space 33792K,   0% used [0x0000000090840000, 0x0000000090840000, 0x0000000092940000)
 tenured generation   total 676228K, used 656053K [0x00000000aaaa0000, 0x00000000d3f01000, 0x0000000100000000)
   the space 676228K,  97% used [0x00000000aaaa0000, 0x00000000d2b4d730, 0x00000000d2b4d800, 0x00000000d3f01000)
 Metaspace       used 33879K, capacity 34458K, committed 34688K, reserved 1081344K
  class space    used 3500K, capacity 3708K, committed 3712K, reserved 1048576K
}
Event: 420.082 GC heap before
{Heap before GC invocations=343 (full 24):
 def new generation   total 304384K, used 296895K [0x0000000080000000, 0x0000000094a40000, 0x00000000aaaa0000)
  eden space 270592K, 100% used [0x0000000080000000, 0x0000000090840000, 0x0000000090840000)
  from space 33792K,  77% used [0x0000000092940000, 0x00000000942efc68, 0x0000000094a40000)
  to   space 33792K,   0% used [0x0000000090840000, 0x0000000090840000, 0x0000000092940000)
 tenured generation   total 676228K, used 656053K [0x00000000aaaa0000, 0x00000000d3f01000, 0x0000000100000000)
   the space 676228K,  97% used [0x00000000aaaa0000, 0x00000000d2b4d730, 0x00000000d2b4d800, 0x00000000d3f01000)
 Metaspace       used 33881K, capacity 34458K, committed 34688K, reserved 1081344K
  class space    used 3500K, capacity 3708K, committed 3712K, reserved 1048576K
}
Event: 420.175 GC heap after
{Heap after GC invocations=344 (full 24):
 def new generation   total 304384K, used 12606K [0x0000000080000000, 0x0000000094a40000, 0x00000000aaaa0000)
  eden space 270592K,   0% used [0x0000000080000000, 0x0000000080000000, 0x0000000090840000)
  from space 33792K,  37% used [0x0000000090840000, 0x000000009148f9c8, 0x0000000092940000)
  to   space 33792K,   0% used [0x0000000092940000, 0x0000000092940000, 0x0000000094a40000)
 tenured generation   total 676228K, used 665103K [0x00000000aaaa0000, 0x00000000d3f01000, 0x0000000100000000)
   the space 676228K,  98% used [0x00000000aaaa0000, 0x00000000d3423e70, 0x00000000d3424000, 0x00000000d3f01000)
 Metaspace       used 33881K, capacity 34458K, committed 34688K, reserved 1081344K
  class space    used 3500K, capacity 3708K, committed 3712K, reserved 1048576K
}
Event: 424.652 GC heap before
{Heap before GC invocations=344 (full 24):
 def new generation   total 304384K, used 283198K [0x0000000080000000, 0x0000000094a40000, 0x00000000aaaa0000)
  eden space 270592K, 100% used [0x0000000080000000, 0x0000000090840000, 0x0000000090840000)
  from space 33792K,  37% used [0x0000000090840000, 0x000000009148f9c8, 0x0000000092940000)
  to   space 33792K,   0% used [0x0000000092940000, 0x0000000092940000, 0x0000000094a40000)
 tenured generation   total 676228K, used 665103K [0x00000000aaaa0000, 0x00000000d3f01000, 0x0000000100000000)
   the space 676228K,  98% used [0x00000000aaaa0000, 0x00000000d3423e70, 0x00000000d3424000, 0x00000000d3f01000)
 Metaspace       used 33907K, capacity 34522K, committed 34688K, reserved 1081344K
  class space    used 3500K, capacity 3708K, committed 3712K, reserved 1048576K
}
Event: 424.668 GC heap after
{Heap after GC invocations=345 (full 24):
 def new generation   total 304384K, used 10214K [0x0000000080000000, 0x0000000094a40000, 0x00000000aaaa0000)
  eden space 270592K,   0% used [0x0000000080000000, 0x0000000080000000, 0x0000000090840000)
  from space 33792K,  30% used [0x0000000092940000, 0x0000000093339ab8, 0x0000000094a40000)
  to   space 33792K,   0% used [0x0000000090840000, 0x0000000090840000, 0x0000000092940000)
 tenured generation   total 676228K, used 665103K [0x00000000aaaa0000, 0x00000000d3f01000, 0x0000000100000000)
   the space 676228K,  98% used [0x00000000aaaa0000, 0x00000000d3423e70, 0x00000000d3424000, 0x00000000d3f01000)
 Metaspace       used 33907K, capacity 34522K, committed 34688K, reserved 1081344K
  class space    used 3500K, capacity 3708K, committed 3712K, reserved 1048576K
}
Event: 428.503 GC heap before
{Heap before GC invocations=345 (full 24):
 def new generation   total 304384K, used 280806K [0x0000000080000000, 0x0000000094a40000, 0x00000000aaaa0000)
  eden space 270592K, 100% used [0x0000000080000000, 0x0000000090840000, 0x0000000090840000)
  from space 33792K,  30% used [0x0000000092940000, 0x0000000093339ab8, 0x0000000094a40000)
  to   space 33792K,   0% used [0x0000000090840000, 0x0000000090840000, 0x0000000092940000)
 tenured generation   total 676228K, used 665103K [0x00000000aaaa0000, 0x00000000d3f01000, 0x0000000100000000)
   the space 676228K,  98% used [0x00000000aaaa0000, 0x00000000d3423e70, 0x00000000d3424000, 0x00000000d3f01000)
 Metaspace       used 33937K, capacity 34522K, committed 34688K, reserved 1081344K
  class space    used 3500K, capacity 3708K, committed 3712K, reserved 1048576K
}
Event: 428.520 GC heap after
{Heap after GC invocations=346 (full 24):
 def new generation   total 304384K, used 15675K [0x0000000080000000, 0x0000000094a40000, 0x00000000aaaa0000)
  eden space 270592K,   0% used [0x0000000080000000, 0x0000000080000000, 0x0000000090840000)
  from space 33792K,  46% used [0x0000000090840000, 0x000000009178edf0, 0x0000000092940000)
  to   space 33792K,   0% used [0x0000000092940000, 0x0000000092940000, 0x0000000094a40000)
 tenured generation   total 676228K, used 665103K [0x00000000aaaa0000, 0x00000000d3f01000, 0x0000000100000000)
   the space 676228K,  98% used [0x00000000aaaa0000, 0x00000000d3423e70, 0x00000000d3424000, 0x00000000d3f01000)
 Metaspace       used 33937K, capacity 34522K, committed 34688K, reserved 1081344K
  class space    used 3500K, capacity 3708K, committed 3712K, reserved 1048576K
}
Event: 430.171 GC heap before
{Heap before GC invocations=346 (full 24):
 def new generation   total 304384K, used 284923K [0x0000000080000000, 0x0000000094a40000, 0x00000000aaaa0000)
  eden space 270592K,  99% used [0x0000000080000000, 0x00000000906eff60, 0x0000000090840000)
  from space 33792K,  46% used [0x0000000090840000, 0x000000009178edf0, 0x0000000092940000)
  to   space 33792K,   0% used [0x0000000092940000, 0x0000000092940000, 0x0000000094a40000)
 tenured generation   total 676228K, used 665103K [0x00000000aaaa0000, 0x00000000d3f01000, 0x0000000100000000)
   the space 676228K,  98% used [0x00000000aaaa0000, 0x00000000d3423e70, 0x00000000d3424000, 0x00000000d3f01000)
 Metaspace       used 33937K, capacity 34522K, committed 34688K, reserved 1081344K
  class space    used 3500K, capacity 3708K, committed 3712K, reserved 1048576K
}
Event: 430.180 GC heap after
{Heap after GC invocations=347 (full 24):
 def new generation   total 304384K, used 17854K [0x0000000080000000, 0x0000000094a40000, 0x00000000aaaa0000)
  eden space 270592K,   0% used [0x0000000080000000, 0x0000000080000000, 0x0000000090840000)
  from space 33792K,  52% used [0x0000000092940000, 0x0000000093aaf880, 0x0000000094a40000)
  to   space 33792K,   0% used [0x0000000090840000, 0x0000000090840000, 0x0000000092940000)
 tenured generation   total 676228K, used 665103K [0x00000000aaaa0000, 0x00000000d3f01000, 0x0000000100000000)
   the space 676228K,  98% used [0x00000000aaaa0000, 0x00000000d3423e70, 0x00000000d3424000, 0x00000000d3f01000)
 Metaspace       used 33937K, capacity 34522K, committed 34688K, reserved 1081344K
  class space    used 3500K, capacity 3708K, committed 3712K, reserved 1048576K
}
Event: 431.397 GC heap before
{Heap before GC invocations=347 (full 24):
 def new generation   total 304384K, used 288446K [0x0000000080000000, 0x0000000094a40000, 0x00000000aaaa0000)
  eden space 270592K, 100% used [0x0000000080000000, 0x0000000090840000, 0x0000000090840000)
  from space 33792K,  52% used [0x0000000092940000, 0x0000000093aaf880, 0x0000000094a40000)
  to   space 33792K,   0% used [0x0000000090840000, 0x0000000090840000, 0x0000000092940000)
 tenured generation   total 676228K, used 665103K [0x00000000aaaa0000, 0x00000000d3f01000, 0x0000000100000000)
   the space 676228K,  98% used [0x00000000aaaa0000, 0x00000000d3423e70, 0x00000000d3424000, 0x00000000d3f01000)
 Metaspace       used 33937K, capacity 34522K, committed 34688K, reserved 1081344K
  class space    used 3500K, capacity 3708K, committed 3712K, reserved 1048576K
}
Event: 431.431 GC heap after
{Heap after GC invocations=348 (full 24):
 def new generation   total 304384K, used 33791K [0x0000000080000000, 0x0000000094a40000, 0x00000000aaaa0000)
  eden space 270592K,   0% used [0x0000000080000000, 0x0000000080000000, 0x0000000090840000)
  from space 33792K,  99% used [0x0000000090840000, 0x000000009293fff8, 0x0000000092940000)
  to   space 33792K,   0% used [0x0000000092940000, 0x0000000092940000, 0x0000000094a40000)
 tenured generation   total 676228K, used 670288K [0x00000000aaaa0000, 0x00000000d3f01000, 0x0000000100000000)
   the space 676228K,  99% used [0x00000000aaaa0000, 0x00000000d39340d0, 0x00000000d3934200, 0x00000000d3f01000)
 Metaspace       used 33937K, capacity 34522K, committed 34688K, reserved 1081344K
  class space    used 3500K, capacity 3708K, committed 3712K, reserved 1048576K
}
Event: 433.051 GC heap before
{Heap before GC invocations=348 (full 24):
 def new generation   total 304384K, used 304383K [0x0000000080000000, 0x0000000094a40000, 0x00000000aaaa0000)
  eden space 270592K, 100% used [0x0000000080000000, 0x0000000090840000, 0x0000000090840000)
  from space 33792K,  99% used [0x0000000090840000, 0x000000009293fff8, 0x0000000092940000)
  to   space 33792K,   0% used [0x0000000092940000, 0x0000000092940000, 0x0000000094a40000)
 tenured generation   total 676228K, used 670288K [0x00000000aaaa0000, 0x00000000d3f01000, 0x0000000100000000)
   the space 676228K,  99% used [0x00000000aaaa0000, 0x00000000d39340d0, 0x00000000d3934200, 0x00000000d3f01000)
 Metaspace       used 33937K, capacity 34522K, committed 34688K, reserved 1081344K
  class space    used 3500K, capacity 3708K, committed 3712K, reserved 1048576K
}

